<?xml version="1.0" encoding="UTF-8"?>
<testsuite xmlns:xsi="http://www.w3.org/2001/XMLSchema-instance" xsi:noNamespaceSchemaLocation="https://maven.apache.org/surefire/maven-surefire-plugin/xsd/surefire-test-report.xsd" name="com.tunay.gg.runner.CucumberRunner" time="1.788" tests="17" errors="17" skipped="0" failures="0">
  <properties>
[...]
</properties>
  <testcase name="Başarılı login testi" classname="Senaryolar" time="0.377">
    <error type="java.lang.ExceptionInInitializerError">java.lang.ExceptionInInitializerError
Caused by: java.lang.reflect.InaccessibleObjectException: Unable to make field private final java.util.Comparator java.util.TreeMap.comparator accessible: module java.base does not "opens java.util" to unnamed module @5a01ccaa
</error>
  </testcase>
  <testcase name="Senaryo" classname="Senaryolar" time="0.004">
    <error message="Could not initialize class cucumber.deps.com.thoughtworks.xstream.converters.collections.TreeMapConverter" type="java.lang.NoClassDefFoundError">java.lang.NoClassDefFoundError: Could not initialize class cucumber.deps.com.thoughtworks.xstream.converters.collections.TreeMapConverter
</error>
  </testcase>
  <testcase name="Senaryo" classname="Senaryolar" time="0.005">
    <error message="The step &quot;Web Sitesi Başlığı kontrol edilir&quot; is undefined" type="cucumber.runtime.junit.UndefinedThrowable">cucumber.runtime.junit.UndefinedThrowable: The step "Web Sitesi Başlığı kontrol edilir" is undefined
</error>
  </testcase>
  <testcase name="Senaryo" classname="Senaryolar" time="0.006">
    <error message="The step &quot;Login Butonuna Tıklanır&quot; is undefined" type="cucumber.runtime.junit.UndefinedThrowable">cucumber.runtime.junit.UndefinedThrowable: The step "Login Butonuna Tıklanır" is undefined
</error>
  </testcase>
  <testcase name="Senaryo" classname="Senaryolar" time="0.006">
    <error message="The step &quot;Sayfanın Yüklenmesi beklenir&quot; is undefined" type="cucumber.runtime.junit.UndefinedThrowable">cucumber.runtime.junit.UndefinedThrowable: The step "Sayfanın Yüklenmesi beklenir" is undefined
</error>
  </testcase>
  <testcase name="Senaryo" classname="Senaryolar" time="0.007">
    <error message="The step &quot;eposta alanına &quot;linktestotomasyon@gmail.com&quot; yazılır&quot; is undefined" type="cucumber.runtime.junit.UndefinedThrowable">cucumber.runtime.junit.UndefinedThrowable: The step "eposta alanına "linktestotomasyon@gmail.com" yazılır" is undefined
</error>
  </testcase>
  <testcase name="Senaryo" classname="Senaryolar" time="0.007">
    <error message="The step &quot;şifre alanına &quot;Asdqwe123&quot; yazılır&quot; is undefined" type="cucumber.runtime.junit.UndefinedThrowable">cucumber.runtime.junit.UndefinedThrowable: The step "şifre alanına "Asdqwe123" yazılır" is undefined
</error>
  </testcase>
  <testcase name="Senaryo" classname="Senaryolar" time="0.008">
    <error message="The step &quot;giriş yap butonuna tıklanır&quot; is undefined" type="cucumber.runtime.junit.UndefinedThrowable">cucumber.runtime.junit.UndefinedThrowable: The step "giriş yap butonuna tıklanır" is undefined
</error>
  </testcase>
  <testcase name="Senaryo" classname="Senaryolar" time="0.008">
    <error message="The step &quot;GGiriş yapmış kullanıcı için ana ekran kontrol edilir&quot; is undefined" type="cucumber.runtime.junit.UndefinedThrowable">cucumber.runtime.junit.UndefinedThrowable: The step "GGiriş yapmış kullanıcı için ana ekran kontrol edilir" is undefined
</error>
  </testcase>
  <testcase name="Senaryo" classname="Senaryolar" time="0.01">
    <error message="The step &quot;Arama kutucuğuna bilgisayar kelimesi girilir&quot; is undefined" type="cucumber.runtime.junit.UndefinedThrowable">cucumber.runtime.junit.UndefinedThrowable: The step "Arama kutucuğuna bilgisayar kelimesi girilir" is undefined
</error>
  </testcase>
  <testcase name="Senaryo" classname="Senaryolar" time="0.01">
    <error message="The step &quot;Arama  sayfasından 2.sayfa açılır.&quot; is undefined" type="cucumber.runtime.junit.UndefinedThrowable">cucumber.runtime.junit.UndefinedThrowable: The step "Arama  sayfasından 2.sayfa açılır." is undefined
</error>
  </testcase>
  <testcase name="Senaryo" classname="Senaryolar" time="0.01">
    <error message="The step &quot;2.sayfanın açıldığı kontrol edilir.&quot; is undefined" type="cucumber.runtime.junit.UndefinedThrowable">cucumber.runtime.junit.UndefinedThrowable: The step "2.sayfanın açıldığı kontrol edilir." is undefined
</error>
  </testcase>
  <testcase name="Senaryo" classname="Senaryolar" time="0.011">
    <error message="The step &quot;Sonuca göre sergilenen ürünlerden rastgele bir ürün seçilir.&quot; is undefined" type="cucumber.runtime.junit.UndefinedThrowable">cucumber.runtime.junit.UndefinedThrowable: The step "Sonuca göre sergilenen ürünlerden rastgele bir ürün seçilir." is undefined
</error>
  </testcase>
  <testcase name="Senaryo" classname="Senaryolar" time="0.012">
    <error message="The step &quot;Seçilen ürün sepete eklenir.&quot; is undefined" type="cucumber.runtime.junit.UndefinedThrowable">cucumber.runtime.junit.UndefinedThrowable: The step "Seçilen ürün sepete eklenir." is undefined
</error>
  </testcase>
  <testcase name="Senaryo" classname="Senaryolar" time="0.017">
    <error message="The step &quot;Ürün sayfasındaki fiyat ile sepette yer alan ürün fiyatının doğruluğu karşılaştırılır.&quot; is undefined" type="cucumber.runtime.junit.UndefinedThrowable">cucumber.runtime.junit.UndefinedThrowable: The step "Ürün sayfasındaki fiyat ile sepette yer alan ürün fiyatının doğruluğu karşılaştırılır." is undefined
</error>
  </testcase>
  <testcase name="Senaryo" classname="Senaryolar" time="0.017">
    <error message="The step &quot;Adet arttırılarak ürün adedinin 2 olduğu doğrulanır&quot; is undefined" type="cucumber.runtime.junit.UndefinedThrowable">cucumber.runtime.junit.UndefinedThrowable: The step "Adet arttırılarak ürün adedinin 2 olduğu doğrulanır" is undefined
</error>
  </testcase>
  <testcase name="Senaryo" classname="Senaryolar" time="0.018">
    <error message="The step &quot;Ürün sepetten silinerek sepetin boş olduğu kontrol edilir.&quot; is undefined" type="cucumber.runtime.junit.UndefinedThrowable">cucumber.runtime.junit.UndefinedThrowable: The step "Ürün sepetten silinerek sepetin boş olduğu kontrol edilir." is undefined
</error>
  </testcase>
</testsuite>